<?xml version="1.0" encoding="UTF-8"?>
<!-- Generated by org.testng.reporters.JUnitReportReporter -->
<testsuite hostname="SaratProBook" failures="0" tests="3" name="Testcases.LoginTestCase" time="37.242" errors="0" timestamp="04 May 2023 09:42:41 GMT" skipped="0">
  <testcase classname="Testcases.LoginTestCase" name="test1" time="14.262"/>
  <testcase classname="Testcases.LoginTestCase" name="test2" time="9.599"/>
  <testcase classname="Testcases.LoginTestCase" name="test4" time="13.381"/>
</testsuite> <!-- Testcases.LoginTestCase -->
